<?xml version="1.0" encoding="UTF-8"?>
<!-- Generated by org.testng.reporters.JUnitReportReporter -->
<testsuite hostname="LAPTOP-QVHSJR93" failures="0" tests="1" name="TESTNG.Test2" time="0.006" errors="0" timestamp="2022-05-04T16:32:16 IST" skipped="0">
  <testcase classname="TESTNG.Test2" name="testIOSapp" time="0.006"/>
  <system-out/>
</testsuite> <!-- TESTNG.Test2 -->
