<?xml version="1.0" encoding="UTF-8"?>
<!-- Generated by org.testng.reporters.JUnitReportReporter -->
<testsuite hostname="LAPTOP-QVHSJR93" failures="0" tests="1" name="com.practice.Screenshot" time="3.901" errors="0" timestamp="2022-05-06T10:16:11 IST" skipped="0">
  <testcase classname="com.practice.Screenshot" name="screen" time="3.901"/>
  <system-out/>
</testsuite> <!-- com.practice.Screenshot -->
