<?xml version="1.0" encoding="UTF-8"?>
<!-- Generated by org.testng.reporters.JUnitReportReporter -->
<testsuite hostname="LAPTOP-QVHSJR93" failures="0" tests="2" name="TESTNG.Test1" time="0.002" errors="0" timestamp="2022-05-04T16:32:16 IST" skipped="0">
  <testcase classname="TESTNG.Test1" name="testAndroidapp" time="0.001"/>
  <system-out/>
  <testcase classname="TESTNG.Test1" name="testWebapp" time="0.001"/>
  <system-out/>
</testsuite> <!-- TESTNG.Test1 -->
