<?xml version="1.0" encoding="UTF-8"?>
<!-- Generated by org.testng.reporters.JUnitReportReporter -->
<testsuite hostname="LAPTOP-QVHSJR93" failures="0" tests="1" name="com.VTiger.TestCases.TC_01WithTestNG" time="21.237" errors="0" timestamp="2022-05-05T11:50:30 IST" skipped="0">
  <testcase classname="com.VTiger.TestCases.TC_01WithTestNG" name="createorg" time="21.237"/>
  <system-out/>
</testsuite> <!-- com.VTiger.TestCases.TC_01WithTestNG -->
