<?xml version="1.0" encoding="UTF-8"?>
<!-- Generated by org.testng.reporters.JUnitReportReporter -->
<testsuite hostname="LAPTOP-QVHSJR93" failures="0" tests="1" name="com.practice.Assertion" time="6.117" errors="0" timestamp="2022-05-05T11:48:04 IST" skipped="0">
  <testcase classname="com.practice.Assertion" name="sample" time="6.117"/>
  <system-out/>
</testsuite> <!-- com.practice.Assertion -->
