<?xml version="1.0" encoding="UTF-8"?>
<!-- Generated by org.testng.reporters.JUnitReportReporter -->
<testsuite hostname="LAPTOP-QVHSJR93" failures="0" tests="2" name="com.VTiger.TestCases.TC_02WithTestNG" time="36.884" errors="0" timestamp="2022-05-05T11:59:11 IST" skipped="0">
  <testcase classname="com.VTiger.TestCases.TC_02WithTestNG" name="createorg_dd" time="18.132"/>
  <system-out/>
  <testcase classname="com.VTiger.TestCases.TC_02WithTestNG" name="createorg_dd" time="18.752"/>
  <system-out/>
</testsuite> <!-- com.VTiger.TestCases.TC_02WithTestNG -->
