<?xml version="1.0" encoding="UTF-8"?>
<!-- Generated by org.testng.reporters.JUnitReportReporter -->
<testsuite hostname="LAPTOP-QVHSJR93" failures="0" tests="2" name="com.VTiger.TestCases.TC_03WithTestNG" time="76.167" errors="0" timestamp="2022-05-04T16:51:54 IST" skipped="0">
  <testcase classname="com.VTiger.TestCases.TC_03WithTestNG" name="createcontact_org" time="38.037"/>
  <system-out/>
  <testcase classname="com.VTiger.TestCases.TC_03WithTestNG" name="createcontact_org" time="38.130"/>
  <system-out/>
</testsuite> <!-- com.VTiger.TestCases.TC_03WithTestNG -->
